<?xml version="1.0" encoding="UTF-8"?>
<testsuite name="example.GreetingTest" tests="1" skipped="0" failures="0" errors="0" timestamp="2017-10-12T09:48:19" hostname="Apollo" time="0.001">
  <properties/>
  <testcase name="test" classname="example.GreetingTest" time="0.001"/>
  <system-out><![CDATA[Hello, world.
]]></system-out>
  <system-err><![CDATA[]]></system-err>
</testsuite>
